View: Cap
+---------------------+
| Cap                 |
+---------------------+
| Carter(0,6)         |
| Plains(12,18)       |
| Georgia(20,27)      |
| Washington(29,39)   |
| Westmoreland(45,57) |
| Virginia(59,67)     |
+---------------------+
6 rows in set

View: Stt
+-------------------+
| Stt               |
+-------------------+
| Georgia(20,27)    |
| Washington(29,39) |
| Virginia(59,67)   |
+-------------------+
3 rows in set

View: Loc
+---------------------+-----------------------------+-------------------+
| Cap                 | Loc                         | Stt               |
+---------------------+-----------------------------+-------------------+
| Plains(12,18)       | Plains,Georgia(12,6)        | Georgia(20,27)    |
| Georgia(20,27)      | Georgia,Washington(20,6)    | Washington(29,39) |
| Westmoreland(45,57) | Westmoreland,Virginia(45,6) | Virginia(59,67)   |
+---------------------+-----------------------------+-------------------+
3 rows in set

View: Per
+---------------------+
| Per                 |
+---------------------+
| Carter(0,6)         |
| Plains(12,18)       |
| Georgia(20,27)      |
| Washington(29,39)   |
| Westmoreland(45,57) |
| Virginia(59,67)     |
+---------------------+
6 rows in set

View: PerLoc
+-----------------------------+-------------------+-------------------------------------------+
| Loc                         | Per               | PerLoc                                    |
+-----------------------------+-------------------+-------------------------------------------+
| Plains,Georgia(12,6)        | Carter(0,6)       | CarterfromPlains,Georgia(0,6)             |
| Georgia,Washington(20,6)    | Plains(12,18)     | Plains,Georgia,Washington(12,6)           |
| Westmoreland,Virginia(45,6) | Washington(29,39) | WashingtonfromWestmoreland,Virginia(29,6) |
+-----------------------------+-------------------+-------------------------------------------+
3 rows in set

View: PerLocOnly
+-------------------------------------------+
| PerLoc                                    |
+-------------------------------------------+
| CarterfromPlains,Georgia(0,6)             |
| Plains,Georgia,Washington(12,6)           |
| WashingtonfromWestmoreland,Virginia(29,6) |
+-------------------------------------------+
3 rows in set

